<?xml version="1.0" encoding="UTF-8"?>
<!-- Generated by org.testng.reporters.JUnitReportReporter -->
<testsuite hostname="BOOK-KK1IQ8CMNQ" failures="0" tests="3" name="TestRunner.TestRuner" time="16.788" errors="0" timestamp="2025-02-11T10:34:05 EST" skipped="0">
  <testcase classname="TestRunner.TestRuner" name="runScenario" time="5.773"/>
  <testcase classname="TestRunner.TestRuner" name="runScenario" time="5.646"/>
  <testcase classname="TestRunner.TestRuner" name="runScenario" time="5.369"/>
</testsuite> <!-- TestRunner.TestRuner -->
